<?xml version="1.0" encoding="UTF-8"?>
<!-- Generated by org.testng.reporters.JUnitXMLReporter -->
<testsuite ignored="0" hostname="KARTHIK-PC" failures="0" tests="7" name="Test" time="10.667" errors="0" timestamp="2026-03-19T13:05:13 CET">
  <testcase classname="testscripts.PetNegativeTests" name="createPetWithInvalidPayload" time="1.665"/>
  <testcase classname="testscripts.PetNegativeTests" name="deleteNonExistingPet" time="0.818"/>
  <testcase classname="testscripts.PetNegativeTests" name="getPetWithInvalidId" time="0.781"/>
  <testcase classname="testscripts.PetTests" name="createPet" time="3.41"/>
  <testcase classname="testscripts.PetTests" name="deletePet" time="2.249"/>
  <testcase classname="testscripts.PetTests" name="getPetByStatus" time="1.41"/>
  <testcase classname="testscripts.PetTests" name="updatePet" time="3.031"/>
</testsuite> <!-- Test -->
