<?xml version="1.0" encoding="UTF-8"?>
<!-- Generated by org.testng.reporters.JUnitReportReporter -->
<testsuite hostname="KARTHIK-PC" failures="0" tests="4" name="testscripts.PetTests" time="10.100" errors="0" timestamp="2026-03-19T13:05:14 CET" skipped="0">
  <testcase classname="testscripts.PetTests" name="createPet" time="3.410"/>
  <testcase classname="testscripts.PetTests" name="getPetByStatus" time="1.410"/>
  <testcase classname="testscripts.PetTests" name="deletePet" time="2.249"/>
  <testcase classname="testscripts.PetTests" name="updatePet" time="3.031"/>
</testsuite> <!-- testscripts.PetTests -->
