<?xml version="1.0" encoding="UTF-8"?>
<!-- Generated by org.testng.reporters.JUnitReportReporter -->
<testsuite hostname="KARTHIK-PC" failures="0" tests="3" name="testscripts.PetNegativeTests" time="3.264" errors="0" timestamp="2026-03-19T13:05:14 CET" skipped="0">
  <testcase classname="testscripts.PetNegativeTests" name="getPetWithInvalidId" time="0.781"/>
  <testcase classname="testscripts.PetNegativeTests" name="createPetWithInvalidPayload" time="1.665"/>
  <testcase classname="testscripts.PetNegativeTests" name="deleteNonExistingPet" time="0.818"/>
</testsuite> <!-- testscripts.PetNegativeTests -->
