<?xml version="1.0" encoding="UTF-8"?>
<!-- Generated by org.testng.reporters.JUnitReportReporter -->
<testsuite hostname="KARTHIK-PC" failures="0" tests="4" name="automation.api_petstore.testscripts.PetTests" time="9.283" errors="0" timestamp="2026-03-18T03:16:10 CET" skipped="1">
  <testcase classname="automation.api_petstore.testscripts.PetTests" name="deletePet" time="1.634"/>
  <testcase classname="automation.api_petstore.testscripts.PetTests" name="createPet" time="6.075"/>
  <testcase classname="automation.api_petstore.testscripts.PetTests" name="updatePet" time="1.574"/>
  <testcase classname="automation.api_petstore.testscripts.PetTests" name="getPetByStatus">
    <skipped/>
  </testcase> <!-- getPetByStatus -->
</testsuite> <!-- automation.api_petstore.testscripts.PetTests -->
